<?xml version="1.0" encoding="UTF-8"?>
<testng-results ignored="0" total="1" passed="1" failed="0" skipped="0">
  <reporter-output>
  </reporter-output>
  <suite started-at="2024-07-24T09:24:44 IST" name="Surefire suite" finished-at="2024-07-24T09:25:00 IST" duration-ms="16367">
    <groups>
    </groups>
    <test started-at="2024-07-24T09:24:44 IST" name="Surefire test" finished-at="2024-07-24T09:25:00 IST" duration-ms="16367">
      <class name="dDt.SeleniumTestReadDataFromRuntime">
        <test-method signature="seleniumTest()[pri:0, instance:dDt.SeleniumTestReadDataFromRuntime@7d3a22a9]" started-at="2024-07-24T09:24:44 IST" name="seleniumTest" finished-at="2024-07-24T09:25:00 IST" duration-ms="16301" status="PASS">
          <reporter-output>
          </reporter-output>
        </test-method> <!-- seleniumTest -->
      </class> <!-- dDt.SeleniumTestReadDataFromRuntime -->
    </test> <!-- Surefire test -->
  </suite> <!-- Surefire suite -->
</testng-results>
