<?xml version="1.0" encoding="UTF-8"?>
<testng-results ignored="0" total="1" passed="1" failed="0" skipped="0">
  <reporter-output>
  </reporter-output>
  <suite started-at="2024-08-08T07:01:39 IST" name="Default suite" finished-at="2024-08-08T07:01:39 IST" duration-ms="718">
    <groups>
    </groups>
    <test started-at="2024-08-08T07:01:39 IST" name="Default test" finished-at="2024-08-08T07:01:39 IST" duration-ms="718">
      <class name="dDt.SampleunitTestCheckProjectInBackTest">
        <test-method signature="projectCheckTest()[pri:0, instance:dDt.SampleunitTestCheckProjectInBackTest@2d7275fc]" started-at="2024-08-08T07:01:39 IST" name="projectCheckTest" finished-at="2024-08-08T07:01:39 IST" duration-ms="620" status="PASS">
          <reporter-output>
          </reporter-output>
        </test-method> <!-- projectCheckTest -->
      </class> <!-- dDt.SampleunitTestCheckProjectInBackTest -->
    </test> <!-- Default test -->
  </suite> <!-- Default suite -->
</testng-results>
